appQa/build/intermediates/manifest_merge_blame_file/debug/manifest-merger-blame-debug-report.txt
1<?xml version="1.0" encoding="utf-8"?>
2<manifest xmlns:android="http://schemas.android.com/apk/res/android"
3    package="hdisoft.app.qa"
4    android:versionCode="1"
5    android:versionName="1.0.0" >
6
7    <uses-sdk
8        android:minSdkVersion="21"
9        android:targetSdkVersion="34" />
10
11    <!-- Permissions required for drawing overlays and service notifications -->
12    <uses-permission android:name="android.permission.SYSTEM_ALERT_WINDOW" />
12-->src/main/AndroidManifest.xml:5:5-78
12-->src/main/AndroidManifest.xml:5:22-75
13    <uses-permission android:name="android.permission.FOREGROUND_SERVICE" />
13-->src/main/AndroidManifest.xml:6:5-77
13-->src/main/AndroidManifest.xml:6:22-74
14    <uses-permission android:name="android.permission.FOREGROUND_SERVICE_MEDIA_PROJECTION" />
14-->src/main/AndroidManifest.xml:7:5-94
14-->src/main/AndroidManifest.xml:7:22-91
15    <uses-permission android:name="android.permission.POST_NOTIFICATIONS" />
15-->src/main/AndroidManifest.xml:8:5-77
15-->src/main/AndroidManifest.xml:8:22-74
16
17    <!-- Permission to capture screen video and write file logs -->
18    <uses-permission
18-->src/main/AndroidManifest.xml:11:5-108
19        android:name="android.permission.WRITE_EXTERNAL_STORAGE"
19-->src/main/AndroidManifest.xml:11:22-78
20        android:maxSdkVersion="28" />
20-->src/main/AndroidManifest.xml:11:79-105
21    <uses-permission android:name="android.permission.INTERNET" />
21-->src/main/AndroidManifest.xml:12:5-67
21-->src/main/AndroidManifest.xml:12:22-64
22    <uses-permission android:name="android.permission.QUERY_ALL_PACKAGES" />
22-->src/main/AndroidManifest.xml:13:5-77
22-->src/main/AndroidManifest.xml:13:22-74
23
24    <queries>
24-->src/main/AndroidManifest.xml:15:5-20:15
25        <intent>
25-->src/main/AndroidManifest.xml:16:9-19:18
26            <action android:name="android.intent.action.MAIN" />
26-->src/main/AndroidManifest.xml:17:13-65
26-->src/main/AndroidManifest.xml:17:21-62
27
28            <category android:name="android.intent.category.LAUNCHER" />
28-->src/main/AndroidManifest.xml:18:13-73
28-->src/main/AndroidManifest.xml:18:23-70
29        </intent>
30    </queries>
31
32    <uses-permission android:name="android.permission.FOREGROUND_SERVICE_DATA_SYNC" />
32-->[:libs:webserver] AndroidManifest.xml:8:5-87
32-->[:libs:webserver] AndroidManifest.xml:8:22-84
33
34    <permission
34-->[androidx.core:core:1.12.0] AndroidManifest.xml:22:5-24:47
35        android:name="hdisoft.app.qa.DYNAMIC_RECEIVER_NOT_EXPORTED_PERMISSION"
35-->[androidx.core:core:1.12.0] AndroidManifest.xml:23:9-81
36        android:protectionLevel="signature" />
36-->[androidx.core:core:1.12.0] AndroidManifest.xml:24:9-44
37
38    <uses-permission android:name="hdisoft.app.qa.DYNAMIC_RECEIVER_NOT_EXPORTED_PERMISSION" />
38-->[androidx.core:core:1.12.0] AndroidManifest.xml:26:5-97
38-->[androidx.core:core:1.12.0] AndroidManifest.xml:26:22-94
39
40    <application
40-->src/main/AndroidManifest.xml:22:5-73:19
41        android:allowBackup="true"
41-->src/main/AndroidManifest.xml:23:9-35
42        android:appComponentFactory="androidx.core.app.CoreComponentFactory"
42-->[androidx.core:core:1.12.0] AndroidManifest.xml:28:18-86
43        android:debuggable="true"
44        android:extractNativeLibs="true"
45        android:icon="@android:drawable/sym_def_app_icon"
45-->src/main/AndroidManifest.xml:24:9-58
46        android:label="@string/app_name"
46-->src/main/AndroidManifest.xml:25:9-41
47        android:roundIcon="@android:drawable/sym_def_app_icon"
47-->src/main/AndroidManifest.xml:26:9-63
48        android:supportsRtl="true"
48-->src/main/AndroidManifest.xml:27:9-35
49        android:theme="@style/Theme.AppQa"
49-->src/main/AndroidManifest.xml:28:9-43
50        android:usesCleartextTraffic="true" >
50-->src/main/AndroidManifest.xml:29:9-44
51        <activity
51-->src/main/AndroidManifest.xml:31:9-40:20
52            android:name="hdisoft.app.qa.MainActivity"
52-->src/main/AndroidManifest.xml:32:13-41
53            android:configChanges="keyboardHidden|orientation|screenSize"
53-->src/main/AndroidManifest.xml:35:13-74
54            android:exported="true"
54-->src/main/AndroidManifest.xml:33:13-36
55            android:screenOrientation="portrait" >
55-->src/main/AndroidManifest.xml:34:13-49
56            <intent-filter>
56-->src/main/AndroidManifest.xml:36:13-39:29
57                <action android:name="android.intent.action.MAIN" />
57-->src/main/AndroidManifest.xml:17:13-65
57-->src/main/AndroidManifest.xml:17:21-62
58
59                <category android:name="android.intent.category.LAUNCHER" />
59-->src/main/AndroidManifest.xml:18:13-73
59-->src/main/AndroidManifest.xml:18:23-70
60            </intent-filter>
61        </activity>
62
63        <!-- The Media Projection Foreground Service -->
64        <service
64-->src/main/AndroidManifest.xml:43:9-47:63
65            android:name="hdisoft.app.qa.QaAutomationService"
65-->src/main/AndroidManifest.xml:44:13-48
66            android:enabled="true"
66-->src/main/AndroidManifest.xml:45:13-35
67            android:exported="false"
67-->src/main/AndroidManifest.xml:46:13-37
68            android:foregroundServiceType="mediaProjection" />
68-->src/main/AndroidManifest.xml:47:13-60
69
70        <!-- The Accessibility Service to simulate gestures -->
71        <service
71-->src/main/AndroidManifest.xml:50:9-60:19
72            android:name="hdisoft.app.qa.QaAccessibilityService"
72-->src/main/AndroidManifest.xml:51:13-51
73            android:exported="true"
73-->src/main/AndroidManifest.xml:53:13-36
74            android:permission="android.permission.BIND_ACCESSIBILITY_SERVICE" >
74-->src/main/AndroidManifest.xml:52:13-79
75            <intent-filter>
75-->src/main/AndroidManifest.xml:54:13-56:29
76                <action android:name="android.accessibilityservice.AccessibilityService" />
76-->src/main/AndroidManifest.xml:55:17-92
76-->src/main/AndroidManifest.xml:55:25-89
77            </intent-filter>
78
79            <meta-data
79-->src/main/AndroidManifest.xml:57:13-59:72
80                android:name="android.accessibilityservice"
80-->src/main/AndroidManifest.xml:58:17-60
81                android:resource="@xml/accessibility_service_config" />
81-->src/main/AndroidManifest.xml:59:17-69
82        </service>
83
84        <!-- Provider for secure file sharing -->
85        <provider
86            android:name="androidx.core.content.FileProvider"
86-->src/main/AndroidManifest.xml:64:13-62
87            android:authorities="hdisoft.app.qa.fileprovider"
87-->src/main/AndroidManifest.xml:65:13-64
88            android:exported="false"
88-->src/main/AndroidManifest.xml:66:13-37
89            android:grantUriPermissions="true" >
89-->src/main/AndroidManifest.xml:67:13-47
90            <meta-data
90-->src/main/AndroidManifest.xml:68:13-70:54
91                android:name="android.support.FILE_PROVIDER_PATHS"
91-->src/main/AndroidManifest.xml:69:17-67
92                android:resource="@xml/file_paths" />
92-->src/main/AndroidManifest.xml:70:17-51
93        </provider>
94
95        <activity
95-->[:libs:webserver] AndroidManifest.xml:11:9-14:72
96            android:name="hdisoft.app.webserver.WebserverSettingsActivity"
96-->[:libs:webserver] AndroidManifest.xml:12:13-75
97            android:exported="false"
97-->[:libs:webserver] AndroidManifest.xml:13:13-37
98            android:theme="@style/Theme.AppCompat.Light.NoActionBar" />
98-->[:libs:webserver] AndroidManifest.xml:14:13-69
99
100        <service
100-->[:libs:webserver] AndroidManifest.xml:16:9-20:56
101            android:name="hdisoft.app.webserver.HttpWebServerService"
101-->[:libs:webserver] AndroidManifest.xml:17:13-70
102            android:enabled="true"
102-->[:libs:webserver] AndroidManifest.xml:18:13-35
103            android:exported="false"
103-->[:libs:webserver] AndroidManifest.xml:19:13-37
104            android:foregroundServiceType="dataSync" />
104-->[:libs:webserver] AndroidManifest.xml:20:13-53
105
106        <provider
106-->[androidx.emoji2:emoji2:1.2.0] AndroidManifest.xml:24:9-32:20
107            android:name="androidx.startup.InitializationProvider"
107-->[androidx.emoji2:emoji2:1.2.0] AndroidManifest.xml:25:13-67
108            android:authorities="hdisoft.app.qa.androidx-startup"
108-->[androidx.emoji2:emoji2:1.2.0] AndroidManifest.xml:26:13-68
109            android:exported="false" >
109-->[androidx.emoji2:emoji2:1.2.0] AndroidManifest.xml:27:13-37
110            <meta-data
110-->[androidx.emoji2:emoji2:1.2.0] AndroidManifest.xml:29:13-31:52
111                android:name="androidx.emoji2.text.EmojiCompatInitializer"
111-->[androidx.emoji2:emoji2:1.2.0] AndroidManifest.xml:30:17-75
112                android:value="androidx.startup" />
112-->[androidx.emoji2:emoji2:1.2.0] AndroidManifest.xml:31:17-49
113            <meta-data
113-->[androidx.lifecycle:lifecycle-process:2.7.0] AndroidManifest.xml:29:13-31:52
114                android:name="androidx.lifecycle.ProcessLifecycleInitializer"
114-->[androidx.lifecycle:lifecycle-process:2.7.0] AndroidManifest.xml:30:17-78
115                android:value="androidx.startup" />
115-->[androidx.lifecycle:lifecycle-process:2.7.0] AndroidManifest.xml:31:17-49
116            <meta-data
116-->[androidx.profileinstaller:profileinstaller:1.3.0] AndroidManifest.xml:29:13-31:52
117                android:name="androidx.profileinstaller.ProfileInstallerInitializer"
117-->[androidx.profileinstaller:profileinstaller:1.3.0] AndroidManifest.xml:30:17-85
118                android:value="androidx.startup" />
118-->[androidx.profileinstaller:profileinstaller:1.3.0] AndroidManifest.xml:31:17-49
119        </provider>
120
121        <receiver
121-->[androidx.profileinstaller:profileinstaller:1.3.0] AndroidManifest.xml:34:9-52:20
122            android:name="androidx.profileinstaller.ProfileInstallReceiver"
122-->[androidx.profileinstaller:profileinstaller:1.3.0] AndroidManifest.xml:35:13-76
123            android:directBootAware="false"
123-->[androidx.profileinstaller:profileinstaller:1.3.0] AndroidManifest.xml:36:13-44
124            android:enabled="true"
124-->[androidx.profileinstaller:profileinstaller:1.3.0] AndroidManifest.xml:37:13-35
125            android:exported="true"
125-->[androidx.profileinstaller:profileinstaller:1.3.0] AndroidManifest.xml:38:13-36
126            android:permission="android.permission.DUMP" >
126-->[androidx.profileinstaller:profileinstaller:1.3.0] AndroidManifest.xml:39:13-57
127            <intent-filter>
127-->[androidx.profileinstaller:profileinstaller:1.3.0] AndroidManifest.xml:40:13-42:29
128                <action android:name="androidx.profileinstaller.action.INSTALL_PROFILE" />
128-->[androidx.profileinstaller:profileinstaller:1.3.0] AndroidManifest.xml:41:17-91
128-->[androidx.profileinstaller:profileinstaller:1.3.0] AndroidManifest.xml:41:25-88
129            </intent-filter>
130            <intent-filter>
130-->[androidx.profileinstaller:profileinstaller:1.3.0] AndroidManifest.xml:43:13-45:29
131                <action android:name="androidx.profileinstaller.action.SKIP_FILE" />
131-->[androidx.profileinstaller:profileinstaller:1.3.0] AndroidManifest.xml:44:17-85
131-->[androidx.profileinstaller:profileinstaller:1.3.0] AndroidManifest.xml:44:25-82
132            </intent-filter>
133            <intent-filter>
133-->[androidx.profileinstaller:profileinstaller:1.3.0] AndroidManifest.xml:46:13-48:29
134                <action android:name="androidx.profileinstaller.action.SAVE_PROFILE" />
134-->[androidx.profileinstaller:profileinstaller:1.3.0] AndroidManifest.xml:47:17-88
134-->[androidx.profileinstaller:profileinstaller:1.3.0] AndroidManifest.xml:47:25-85
135            </intent-filter>
136            <intent-filter>
136-->[androidx.profileinstaller:profileinstaller:1.3.0] AndroidManifest.xml:49:13-51:29
137                <action android:name="androidx.profileinstaller.action.BENCHMARK_OPERATION" />
137-->[androidx.profileinstaller:profileinstaller:1.3.0] AndroidManifest.xml:50:17-95
137-->[androidx.profileinstaller:profileinstaller:1.3.0] AndroidManifest.xml:50:25-92
138            </intent-filter>
139        </receiver>
140    </application>
141
142</manifest>